Flutter crash report; please file at https://github.com/flutter/flutter/issues.

## command

flutter packages get

## exception

YamlException: Error on line 17, column 16: Mapping values are not allowed here. Did you miss a colon earlier?
   ╷
17 │   path_provider: ^0.5.0+1
   │                ^
   ╵

```
#0      Scanner._fetchValue (package:yaml/src/scanner.dart:713:9)
#1      Scanner._fetchNextToken (package:yaml/src/scanner.dart:457:11)
#2      Scanner._fetchMoreTokens (package:yaml/src/scanner.dart:339:7)
#3      Scanner.peek (package:yaml/src/scanner.dart:317:27)
#4      Parser._parseBlockMappingKey (package:yaml/src/parser.dart:418:26)
#5      Parser._stateMachine (package:yaml/src/parser.dart:86:16)
#6      Parser.parse (package:yaml/src/parser.dart:47:19)
#7      Loader._loadMapping (package:yaml/src/loader.dart:171:23)
#8      Loader._loadNode (package:yaml/src/loader.dart:86:16)
#9      Loader._loadDocument (package:yaml/src/loader.dart:62:20)
#10     Loader.load (package:yaml/src/loader.dart:54:20)
#11     loadYamlDocument (package:yaml/yaml.dart:51:25)
#12     loadYamlNode (package:yaml/yaml.dart:42:5)
#13     loadYaml (package:yaml/yaml.dart:34:5)
#14     FlutterManifest.createFromString (package:flutter_tools/src/flutter_manifest.dart:42:28)
<asynchronous suspension>
#15     FlutterManifest.createFromPath (package:flutter_tools/src/flutter_manifest.dart:36:12)
<asynchronous suspension>
#16     FlutterProject._readManifest (package:flutter_tools/src/project.dart:131:60)
<asynchronous suspension>
#17     FlutterProject.fromDirectory (package:flutter_tools/src/project.dart:42:44)
<asynchronous suspension>
#18     FlutterProject.fromPath (package:flutter_tools/src/project.dart:57:58)
#19     PackagesGetCommand.runCommand (package:flutter_tools/src/commands/packages.dart:83:61)
<asynchronous suspension>
#20     FlutterCommand.verifyThenRunCommand (package:flutter_tools/src/runner/flutter_command.dart:551:18)
#21     _asyncThenWrapperHelper.<anonymous closure> (dart:async/runtime/libasync_patch.dart:77:64)
#22     _rootRunUnary (dart:async/zone.dart:1132:38)
#23     _CustomZone.runUnary (dart:async/zone.dart:1029:19)
#24     _FutureListener.handleValue (dart:async/future_impl.dart:126:18)
#25     Future._propagateToListeners.handleValueCallback (dart:async/future_impl.dart:639:45)
#26     Future._propagateToListeners (dart:async/future_impl.dart:668:32)
#27     Future._complete (dart:async/future_impl.dart:473:7)
#28     _SyncCompleter.complete (dart:async/future_impl.dart:51:12)
#29     _AsyncAwaitCompleter.complete.<anonymous closure> (dart:async/runtime/libasync_patch.dart:33:20)
#30     _rootRun (dart:async/zone.dart:1124:13)
#31     _CustomZone.run (dart:async/zone.dart:1021:19)
#32     _CustomZone.bindCallback.<anonymous closure> (dart:async/zone.dart:947:23)
#33     _microtaskLoop (dart:async/schedule_microtask.dart:41:21)
#34     _startMicrotaskLoop (dart:async/schedule_microtask.dart:50:5)
#35     _runPendingImmediateCallback (dart:isolate/runtime/libisolate_patch.dart:115:13)
#36     _RawReceivePortImpl._handleMessage (dart:isolate/runtime/libisolate_patch.dart:172:5)
```

## flutter doctor

```
[✓] Flutter (Channel master, v1.1.10-pre.181, on Microsoft Windows [Version 10.0.17134.706], locale en-IN)
    • Flutter version 1.1.10-pre.181 at D:\flutter\flutter
    • Framework revision 731221c3e8 (3 months ago), 2019-01-25 06:34:30 -0800
    • Engine revision 36acd02c94
    • Dart version 2.1.1 (build 2.1.1-dev.3.2 f4afaee422)

[✓] Android toolchain - develop for Android devices (Android SDK version 28.0.3)
    • Android SDK at D:\Sdk
    • Android NDK location not configured (optional; useful for native profiling support)
    • Platform android-28, build-tools 28.0.3
    • ANDROID_HOME = D:\Sdk
    • Java binary at: D:\android\jre\bin\java
    • Java version OpenJDK Runtime Environment (build 1.8.0_152-release-1248-b01)
    • All Android licenses accepted.

[✓] Android Studio (version 3.3)
    • Android Studio at D:\android
    • Flutter plugin version 33.0.1
    • Dart plugin version 182.5215
    • Java version OpenJDK Runtime Environment (build 1.8.0_152-release-1248-b01)

[✓] VS Code (version 1.33.0)
    • VS Code at C:\Users\prateek\AppData\Local\Programs\Microsoft VS Code
    • Flutter extension version 2.25.0

[✓] VS Code, 64-bit edition (version 1.15.1)
    • VS Code at C:\Program Files\Microsoft VS Code
    • Flutter extension version 2.25.0

[✓] Connected device (1 available)
    • 9885b64d494e54464d • 9885b64d494e54464d • android-arm64 • Android 7.0 (API 24)

• No issues found!
```
